<?xml version="1.0" encoding="UTF-8"?>
<!-- Generated by org.testng.reporters.JUnitXMLReporter -->
<testsuite ignored="0" hostname="DESKTOP-6PJI7PQ" failures="0" tests="1" name="Default test" time="0.087" errors="0" timestamp="2024-10-16T17:27:50 IST">
  <testcase classname="test.ValidateCartAndBuy" name="@BeforeTest launchbrowser" time="-1.729079870535E9">
    <failure type="org.testng.TestNGException" message="
Parameter &amp;apos;browser&amp;apos; is required by BeforeTest on method launchbrowser but has not been marked @Optional or defined
in C:\Users\Sachin\AppData\Local\Temp\testng-eclipse--537310711\testng-customsuite.xml">
      <![CDATA[org.testng.TestNGException: 
Parameter 'browser' is required by BeforeTest on method launchbrowser but has not been marked @Optional or defined
in C:\Users\Sachin\AppData\Local\Temp\testng-eclipse--537310711\testng-customsuite.xml
at org.testng.internal.Parameters.createParams(Parameters.java:270)
at org.testng.internal.Parameters.createParametersForMethod(Parameters.java:358)
at org.testng.internal.Parameters.createParameters(Parameters.java:700)
at org.testng.internal.Parameters.createConfigurationParameters(Parameters.java:168)
at org.testng.internal.ConfigInvoker.invokeConfigurations(ConfigInvoker.java:302)
at org.testng.TestRunner.invokeTestConfigurations(TestRunner.java:637)
at org.testng.TestRunner.beforeRun(TestRunner.java:627)
at org.testng.TestRunner.run(TestRunner.java:589)
at org.testng.SuiteRunner.runTest(SuiteRunner.java:377)
at org.testng.SuiteRunner.runSequentially(SuiteRunner.java:371)
at org.testng.SuiteRunner.privateRun(SuiteRunner.java:332)
at org.testng.SuiteRunner.run(SuiteRunner.java:276)
at org.testng.SuiteRunnerWorker.runSuite(SuiteRunnerWorker.java:53)
at org.testng.SuiteRunnerWorker.run(SuiteRunnerWorker.java:96)
at org.testng.TestNG.runSuitesSequentially(TestNG.java:1212)
at org.testng.TestNG.runSuitesLocally(TestNG.java:1134)
at org.testng.TestNG.runSuites(TestNG.java:1063)
at org.testng.TestNG.run(TestNG.java:1031)
at org.testng.remote.AbstractRemoteTestNG.run(AbstractRemoteTestNG.java:115)
at org.testng.remote.RemoteTestNG.initAndRun(RemoteTestNG.java:293)
at org.testng.remote.RemoteTestNG.main(RemoteTestNG.java:91)
]]>
    </failure>
  </testcase> <!-- @BeforeTest launchbrowser -->
  <testcase classname="test.ValidateCartAndBuy" name="@BeforeClass initializePOM" time="-1.729079870572E9">
    <skipped/>
  </testcase> <!-- @BeforeClass initializePOM -->
  <testcase classname="test.ValidateCartAndBuy" name="@BeforeMethod loginToAmazon" time="-1.729079870589E9">
    <skipped/>
  </testcase> <!-- @BeforeMethod loginToAmazon -->
  <testcase classname="test.ValidateCartAndBuy" name="@AfterMethod logoutFromAmazon" time="-1.729079870604E9">
    <skipped/>
  </testcase> <!-- @AfterMethod logoutFromAmazon -->
  <testcase classname="test.ValidateCartAndBuy" name="@AfterClass removePOM" time="-1.729079870606E9">
    <skipped/>
  </testcase> <!-- @AfterClass removePOM -->
  <testcase classname="test.ValidateCartAndBuy" name="@AfterTest closedBrowser" time="-1.729079870609E9">
    <skipped/>
  </testcase> <!-- @AfterTest closedBrowser -->
  <testcase classname="test.ValidateCartAndBuy" name="verifyAddToCart" time="0.0">
    <skipped/>
  </testcase> <!-- verifyAddToCart -->
</testsuite> <!-- Default test -->
